[08:25:38] [main/INFO]: Environment: authHost='https://authserver.mojang.com', accountsHost='https://api.mojang.com', sessionHost='https://sessionserver.mojang.com', servicesHost='https://api.minecraftservices.com', name='PROD'
[08:25:38] [main/INFO]: Reloading ResourceManager: Default, bukkit
[08:25:38] [Worker-Main-1/INFO]: Loaded 7 recipes
[08:25:40] [Server thread/INFO]: Starting minecraft server version 1.16.5
[08:25:40] [Server thread/INFO]: Loading properties
[08:25:40] [Server thread/INFO]: This server is running Paper version git-Paper-794 (MC: 1.16.5) (Implementing API version 1.16.5-R0.1-SNAPSHOT)
[08:25:40] [Server thread/INFO]: Debug logging is disabled
[08:25:40] [Server thread/INFO]: Server Ping Player Sample Count: 12
[08:25:40] [Server thread/INFO]: Using 4 threads for Netty based IO
[08:25:40] [Server thread/INFO]: Default game type: SURVIVAL
[08:25:40] [Server thread/INFO]: Generating keypair
[08:25:40] [Server thread/INFO]: Starting Minecraft server on 0.0.0.0:25565
[08:25:40] [Server thread/INFO]: Using epoll channel type
[08:25:41] [Server thread/INFO]: [LuckPerms] Loading LuckPerms v5.4.40
[08:25:41] [Server thread/INFO]: [Zenchantments] Loading Zenchantments v1.6.2
[08:25:41] [Server thread/INFO]: [EnhancedEnchants] Loading EnhancedEnchants v1.6.1
[08:25:41] [Server thread/INFO]: [BackpacksRemastered] Loading BackpacksRemastered v2022.1.8
[08:25:41] [Server thread/INFO]: [Essentials] Loading Essentials v2.20.0-dev+19-8a1e701
[08:25:41] [Server thread/INFO]: [SilkSpawners] Loading SilkSpawners v7.3.0
[08:25:41] [Server thread/INFO]: Server permissions file permissions.yml is empty, ignoring it
[08:25:41] [Server thread/INFO]: [LuckPerms] Enabling LuckPerms v5.4.40
[08:25:42] [Server thread/INFO]:         __    
[08:25:42] [Server thread/INFO]:   |    |__)   LuckPerms v5.4.40
[08:25:42] [Server thread/INFO]:   |___ |      Running on Bukkit - Paper
[08:25:42] [Server thread/INFO]: 
[08:25:42] [Server thread/INFO]: [LuckPerms] Loading configuration...
[08:25:42] [Server thread/INFO]: [LuckPerms] Loading storage provider... [H2]
[08:25:42] [Server thread/INFO]: [LuckPerms] Loading internal permission managers...
[08:25:43] [Server thread/INFO]: [LuckPerms] Performing initial data load...
[08:25:43] [Server thread/INFO]: [LuckPerms] Successfully enabled. (took 1753ms)
[08:25:43] [Server thread/WARN]: **** SERVER IS RUNNING IN OFFLINE/INSECURE MODE!
[08:25:43] [Server thread/WARN]: The server will make no attempt to authenticate usernames. Beware.
[08:25:43] [Server thread/WARN]: While this makes the game possible to play without internet access, it also opens up the ability for hackers to connect with any username they choose.
[08:25:43] [Server thread/WARN]: To change this, set "online-mode" to "true" in the server.properties file.
[08:25:43] [Server thread/INFO]: Preparing level "world"
[08:25:43] [Server thread/INFO]: Preparing start region for dimension minecraft:overworld
[08:25:44] [Server thread/INFO]: Preparing spawn area: 0%
[08:25:44] [Server thread/INFO]: Preparing spawn area: 0%
[08:25:44] [Server thread/INFO]: Time elapsed: 666 ms
[08:25:44] [Server thread/INFO]: Preparing start region for dimension minecraft:the_nether
[08:25:44] [Server thread/INFO]: Time elapsed: 367 ms
[08:25:44] [Server thread/INFO]: Preparing start region for dimension minecraft:the_end
[08:25:45] [Server thread/INFO]: Time elapsed: 562 ms
[08:25:45] [Server thread/INFO]: [Zenchantments] Enabling Zenchantments v1.6.2
[08:25:45] [Server thread/INFO]: Zenchantments: Detected NMS version "v1_16_R3"
[08:25:45] [Server thread/INFO]: No compatible adapter available, falling back to Bukkit. Not everything will work!
[08:25:46] [Server thread/INFO]: [EnhancedEnchants] Enabling EnhancedEnchants v1.6.1
[08:25:46] [Server thread/INFO]: [EnhancedEnchants] [Warning] Enchant in config swift_sneak does not exist.
[08:25:46] [Server thread/INFO]: [BackpacksRemastered] Enabling BackpacksRemastered v2022.1.8
[08:25:46] [Server thread/INFO]: [BackpacksRemastered] Detected NMS v1_16_R3. Using this for all NMS related functions.
[08:25:46] [Server thread/INFO]: [BackpacksRemastered] BackpacksRemastered v2022.1.8 (git: 87134ed) was enabled in 0.18s!
[08:25:46] [Server thread/INFO]: [Essentials] Enabling Essentials v2.20.0-dev+19-8a1e701
[08:25:47] [Server thread/INFO]: [Essentials] Attempting to convert old kits in config.yml to new kits.yml
[08:25:47] [Server thread/INFO]: [Essentials] No kits found to migrate.
[08:25:47] [Server thread/INFO]: [Essentials] Loaded 38132 items from items.json.
[08:25:47] [Server thread/INFO]: [Essentials] Using locale en
[08:25:47] [Server thread/INFO]: [Essentials] ServerListPingEvent: Spigot iterator API
[08:25:47] [Server thread/INFO]: [Essentials] Starting Metrics. Opt-out using the global bStats config.
[08:25:47] [Server thread/WARN]: [Essentials] Detected supported permissions plugin LuckPerms without Vault installed.
[08:25:47] [Server thread/WARN]: [Essentials] Features such as chat prefixes/suffixes and group-related functionality will not work until you install Vault.
[08:25:47] [Server thread/INFO]: [Essentials] Using superperms-based permissions.
[08:25:47] [Server thread/INFO]: [SilkSpawners] Enabling SilkSpawners v7.3.0
[08:25:47] [Server thread/INFO]: [SilkSpawners] WorldGuard was not found and support is disabled
[08:25:47] [Server thread/WARN]: [SilkSpawners] Warning! "iron-golems-can-spawn-in-air" is set to false in the paper.yml! Iron Golem farms might not work!
[08:25:47] [Server thread/INFO]: [SilkSpawners] Loading support for v1_16_R3
[08:25:48] [Server thread/INFO]: [SilkSpawners] AutoUpdater is enabled and now running.
[08:25:48] [Server thread/INFO]: [SilkSpawners] BarAPI is disabled due to config setting.
[08:25:48] [Server thread/INFO]: Running delayed init tasks
[08:25:48] [Server thread/INFO]: Done (8.070s)! For help, type "help"
[08:25:48] [Server thread/INFO]: Timings Reset
[08:25:48] [Craft Scheduler Thread - 3/INFO]: [Essentials] Fetching version information...
[08:25:49] [Server thread/INFO]: [SilkSpawners] Result from AutoUpdater is: NO_UPDATE
[08:25:55] [User Authenticator #1/INFO]: UUID of player farel226 is 32f03e55-81c0-3739-b425-a1eb3e652469
[08:25:56] [Server thread/INFO]: farel226 joined the game
[08:25:56] [Server thread/INFO]: farel226[/180.244.167.161:31492] logged in with entity id 272 at ([world]2299.466247742374, 64.0, 929.2149113604887)
[08:29:48] [Server thread/INFO]: farel226 lost connection: Disconnected
[08:29:48] [Server thread/INFO]: farel226 left the game
[08:56:54] [User Authenticator #2/INFO]: UUID of player ZorukoKun is 190d713c-e1e5-33bd-a641-13129b06fa7c
[08:56:55] [Server thread/INFO]: ZorukoKun joined the game
[08:56:55] [Server thread/INFO]: ZorukoKun[/180.244.166.25:30209] logged in with entity id 804 at ([world]791.9638509649923, 10.0, 694.5220936050365)
[09:03:51] [Server thread/INFO]: ZorukoKun issued server command: /
[09:03:57] [Server thread/INFO]: ZorukoKun issued server command: /pl
[09:04:21] [Server thread/INFO]: ZorukoKun issued server command: /trigger
[09:04:31] [Server thread/INFO]: ZorukoKun issued server command: /tpa
[09:04:31] [Server thread/INFO]: [Essentials] ZorukoKun was denied access to command.
[09:04:35] [Server thread/INFO]: ZorukoKun issued server command: /tp
[09:04:35] [Server thread/INFO]: [Essentials] ZorukoKun was denied access to command.
[09:04:40] [Server thread/INFO]: ZorukoKun issued server command: /tpahere
[09:05:43] [Server thread/INFO]: ZorukoKun lost connection: Disconnected
[09:05:43] [Server thread/INFO]: ZorukoKun left the game
