[00:10:26] [Craft Scheduler Thread - 31732/INFO]: [GoldenCrates] Auto-save: Saved 0 online users | 0 offline users.
[00:25:26] [Craft Scheduler Thread - 31792/INFO]: [GoldenCrates] Auto-save: Saved 0 online users | 0 offline users.
[00:40:26] [Craft Scheduler Thread - 31853/INFO]: [GoldenCrates] Auto-save: Saved 0 online users | 0 offline users.
[00:55:26] [Craft Scheduler Thread - 31913/INFO]: [GoldenCrates] Auto-save: Saved 0 online users | 0 offline users.
[01:10:26] [Craft Scheduler Thread - 31973/INFO]: [GoldenCrates] Auto-save: Saved 0 online users | 0 offline users.
[01:25:26] [Craft Scheduler Thread - 32033/INFO]: [GoldenCrates] Auto-save: Saved 0 online users | 0 offline users.
[01:40:26] [Craft Scheduler Thread - 32093/INFO]: [GoldenCrates] Auto-save: Saved 0 online users | 0 offline users.
[01:55:26] [Craft Scheduler Thread - 32153/INFO]: [GoldenCrates] Auto-save: Saved 0 online users | 0 offline users.
[02:10:26] [Craft Scheduler Thread - 32213/INFO]: [GoldenCrates] Auto-save: Saved 0 online users | 0 offline users.
[02:25:26] [Craft Scheduler Thread - 32273/INFO]: [GoldenCrates] Auto-save: Saved 0 online users | 0 offline users.
[02:40:26] [Craft Scheduler Thread - 32333/INFO]: [GoldenCrates] Auto-save: Saved 0 online users | 0 offline users.
[02:55:26] [Craft Scheduler Thread - 32393/INFO]: [GoldenCrates] Auto-save: Saved 0 online users | 0 offline users.
[03:10:26] [Craft Scheduler Thread - 32453/INFO]: [GoldenCrates] Auto-save: Saved 0 online users | 0 offline users.
[03:25:26] [Craft Scheduler Thread - 32513/INFO]: [GoldenCrates] Auto-save: Saved 0 online users | 0 offline users.
[03:40:26] [Craft Scheduler Thread - 32573/INFO]: [GoldenCrates] Auto-save: Saved 0 online users | 0 offline users.
[03:55:26] [Craft Scheduler Thread - 32633/INFO]: [GoldenCrates] Auto-save: Saved 0 online users | 0 offline users.
[04:10:26] [Craft Scheduler Thread - 32693/INFO]: [GoldenCrates] Auto-save: Saved 0 online users | 0 offline users.
[04:25:26] [Craft Scheduler Thread - 32752/INFO]: [GoldenCrates] Auto-save: Saved 0 online users | 0 offline users.
[04:40:26] [Craft Scheduler Thread - 32813/INFO]: [GoldenCrates] Auto-save: Saved 0 online users | 0 offline users.
[04:55:26] [Craft Scheduler Thread - 32873/INFO]: [GoldenCrates] Auto-save: Saved 0 online users | 0 offline users.
[05:10:26] [Craft Scheduler Thread - 32933/INFO]: [GoldenCrates] Auto-save: Saved 0 online users | 0 offline users.
[05:25:26] [Craft Scheduler Thread - 32993/INFO]: [GoldenCrates] Auto-save: Saved 0 online users | 0 offline users.
[05:40:26] [Craft Scheduler Thread - 33053/INFO]: [GoldenCrates] Auto-save: Saved 0 online users | 0 offline users.
[05:55:26] [Craft Scheduler Thread - 33113/INFO]: [GoldenCrates] Auto-save: Saved 0 online users | 0 offline users.
[05:55:26] [Craft Scheduler Thread - 33110/INFO]: [Vault] Checking for Updates ... 
[05:55:26] [Craft Scheduler Thread - 33110/INFO]: [Vault] No new version available
[06:10:26] [Craft Scheduler Thread - 33173/INFO]: [GoldenCrates] Auto-save: Saved 0 online users | 0 offline users.
[06:25:26] [Craft Scheduler Thread - 33233/INFO]: [GoldenCrates] Auto-save: Saved 0 online users | 0 offline users.
[06:40:26] [Craft Scheduler Thread - 33293/INFO]: [GoldenCrates] Auto-save: Saved 0 online users | 0 offline users.
[06:55:26] [Craft Scheduler Thread - 33353/INFO]: [GoldenCrates] Auto-save: Saved 0 online users | 0 offline users.
[07:10:26] [Craft Scheduler Thread - 33413/INFO]: [GoldenCrates] Auto-save: Saved 0 online users | 0 offline users.
[07:25:26] [Craft Scheduler Thread - 33473/INFO]: [GoldenCrates] Auto-save: Saved 0 online users | 0 offline users.
[07:40:26] [Craft Scheduler Thread - 33533/INFO]: [GoldenCrates] Auto-save: Saved 0 online users | 0 offline users.
[07:55:26] [Craft Scheduler Thread - 33593/INFO]: [GoldenCrates] Auto-save: Saved 0 online users | 0 offline users.
[08:10:26] [Craft Scheduler Thread - 33653/INFO]: [GoldenCrates] Auto-save: Saved 0 online users | 0 offline users.
[08:25:26] [Craft Scheduler Thread - 33713/INFO]: [GoldenCrates] Auto-save: Saved 0 online users | 0 offline users.
[08:40:26] [Craft Scheduler Thread - 33773/INFO]: [GoldenCrates] Auto-save: Saved 0 online users | 0 offline users.
[08:55:26] [Craft Scheduler Thread - 33833/INFO]: [GoldenCrates] Auto-save: Saved 0 online users | 0 offline users.
[09:10:26] [Craft Scheduler Thread - 33893/INFO]: [GoldenCrates] Auto-save: Saved 0 online users | 0 offline users.
[09:25:26] [Craft Scheduler Thread - 33953/INFO]: [GoldenCrates] Auto-save: Saved 0 online users | 0 offline users.
[09:40:26] [Craft Scheduler Thread - 34013/INFO]: [GoldenCrates] Auto-save: Saved 0 online users | 0 offline users.
[09:55:26] [Craft Scheduler Thread - 34073/INFO]: [GoldenCrates] Auto-save: Saved 0 online users | 0 offline users.
[10:10:26] [Craft Scheduler Thread - 34133/INFO]: [GoldenCrates] Auto-save: Saved 0 online users | 0 offline users.
[10:25:26] [Craft Scheduler Thread - 34193/INFO]: [GoldenCrates] Auto-save: Saved 0 online users | 0 offline users.
[10:40:26] [Craft Scheduler Thread - 34253/INFO]: [GoldenCrates] Auto-save: Saved 0 online users | 0 offline users.
[10:55:26] [Craft Scheduler Thread - 34313/INFO]: [GoldenCrates] Auto-save: Saved 0 online users | 0 offline users.
[11:10:26] [Craft Scheduler Thread - 34373/INFO]: [GoldenCrates] Auto-save: Saved 0 online users | 0 offline users.
[11:25:26] [Craft Scheduler Thread - 34431/INFO]: [GoldenCrates] Auto-save: Saved 0 online users | 0 offline users.
[11:40:26] [Craft Scheduler Thread - 34493/INFO]: [GoldenCrates] Auto-save: Saved 0 online users | 0 offline users.
[11:55:26] [Craft Scheduler Thread - 34553/INFO]: [GoldenCrates] Auto-save: Saved 0 online users | 0 offline users.
[11:55:26] [Craft Scheduler Thread - 34551/INFO]: [Vault] Checking for Updates ... 
[11:55:26] [Craft Scheduler Thread - 34551/INFO]: [Vault] No new version available
[12:10:26] [Craft Scheduler Thread - 34612/INFO]: [GoldenCrates] Auto-save: Saved 0 online users | 0 offline users.
[12:25:26] [Craft Scheduler Thread - 34673/INFO]: [GoldenCrates] Auto-save: Saved 0 online users | 0 offline users.
[12:40:26] [Craft Scheduler Thread - 34733/INFO]: [GoldenCrates] Auto-save: Saved 0 online users | 0 offline users.
[12:55:26] [Craft Scheduler Thread - 34793/INFO]: [GoldenCrates] Auto-save: Saved 0 online users | 0 offline users.
[13:10:26] [Craft Scheduler Thread - 34853/INFO]: [GoldenCrates] Auto-save: Saved 0 online users | 0 offline users.
[13:25:26] [Craft Scheduler Thread - 34913/INFO]: [GoldenCrates] Auto-save: Saved 0 online users | 0 offline users.
[13:33:14] [Server thread/INFO]: [Essentials] CONSOLE issued server command: /list 
[13:33:14] [Server thread/INFO]: There are 0 out of maximum 20 players online.
